<?xml version="1.0" encoding="UTF-8"?>
<!-- Generated by org.testng.reporters.JUnitReportReporter -->
<testsuite hostname="DESKTOP-PFAUJ2V" failures="0" tests="1" name="elements.buttons.Buttons_TestGroup" time="2.964" errors="0" timestamp="2022-01-28T00:50:01 CET" skipped="0">
  <testcase classname="elements.buttons.Buttons_TestGroup" name="OpenPageTest" time="2.964"/>
  <system-out/>
</testsuite> <!-- elements.buttons.Buttons_TestGroup -->
