<?xml version="1.0" encoding="UTF-8"?>
<!-- Generated by org.testng.reporters.JUnitReportReporter -->
<testsuite hostname="DESKTOP-PFAUJ2V" failures="0" tests="2" name="setup.DriverSetup" time="0.004" errors="0" timestamp="2022-01-28T00:27:22 CET" skipped="0">
  <testcase classname="setup.DriverSetup" name="passTest" time="0.004"/>
  <system-out/>
  <testcase classname="setup.DriverSetup" name="passTest" time="0.000"/>
  <system-out/>
</testsuite> <!-- setup.DriverSetup -->
