<?xml version="1.0" encoding="UTF-8"?>
<!-- Generated by org.testng.reporters.JUnitReportReporter -->
<testsuite hostname="DESKTOP-PFAUJ2V" failures="0" tests="1" name="elements.text_box.TextBox_TestGroup" time="1.805" errors="0" timestamp="2022-01-30T12:40:10 CET" skipped="0">
  <testcase classname="elements.text_box.TextBox_TestGroup" name="OpenPageTest" time="1.805"/>
  <system-out/>
</testsuite> <!-- elements.text_box.TextBox_TestGroup -->
